mode: set
k8s-hpa-manager/internal/config/kubeconfig.go:25.74,27.16 2 0
k8s-hpa-manager/internal/config/kubeconfig.go:27.16,29.3 1 0
k8s-hpa-manager/internal/config/kubeconfig.go:31.2,35.8 1 0
k8s-hpa-manager/internal/config/kubeconfig.go:39.65,42.48 2 0
k8s-hpa-manager/internal/config/kubeconfig.go:42.48,44.49 1 0
k8s-hpa-manager/internal/config/kubeconfig.go:44.49,51.4 2 0
k8s-hpa-manager/internal/config/kubeconfig.go:54.2,54.17 1 0
k8s-hpa-manager/internal/config/kubeconfig.go:58.116,60.16 2 0
k8s-hpa-manager/internal/config/kubeconfig.go:60.16,62.3 1 0
k8s-hpa-manager/internal/config/kubeconfig.go:65.2,70.16 4 0
k8s-hpa-manager/internal/config/kubeconfig.go:70.16,71.48 1 0
k8s-hpa-manager/internal/config/kubeconfig.go:71.48,73.4 1 0
k8s-hpa-manager/internal/config/kubeconfig.go:74.3,74.28 1 0
k8s-hpa-manager/internal/config/kubeconfig.go:77.2,77.31 1 0
k8s-hpa-manager/internal/config/kubeconfig.go:81.89,83.2 1 0
k8s-hpa-manager/internal/config/kubeconfig.go:86.89,88.54 1 0
k8s-hpa-manager/internal/config/kubeconfig.go:88.54,90.3 1 0
k8s-hpa-manager/internal/config/kubeconfig.go:93.2,100.16 3 0
k8s-hpa-manager/internal/config/kubeconfig.go:100.16,102.3 1 0
k8s-hpa-manager/internal/config/kubeconfig.go:105.2,111.16 5 0
k8s-hpa-manager/internal/config/kubeconfig.go:111.16,113.3 1 0
k8s-hpa-manager/internal/config/kubeconfig.go:116.2,118.20 2 0
k8s-hpa-manager/internal/config/kubeconfig.go:122.53,124.45 2 0
k8s-hpa-manager/internal/config/kubeconfig.go:124.45,126.3 1 0
k8s-hpa-manager/internal/config/kubeconfig.go:127.2,127.17 1 0
k8s-hpa-manager/internal/config/kubeconfig.go:131.56,133.2 1 0
k8s-hpa-manager/internal/config/kubeconfig.go:136.52,137.21 1 0
k8s-hpa-manager/internal/config/kubeconfig.go:137.21,139.3 1 0
k8s-hpa-manager/internal/config/kubeconfig.go:141.2,141.33 1 0
k8s-hpa-manager/internal/config/kubeconfig.go:141.33,143.3 1 0
k8s-hpa-manager/internal/config/kubeconfig.go:146.2,147.45 2 0
k8s-hpa-manager/internal/config/kubeconfig.go:147.45,148.49 1 0
k8s-hpa-manager/internal/config/kubeconfig.go:148.49,150.9 2 0
k8s-hpa-manager/internal/config/kubeconfig.go:154.2,154.25 1 0
k8s-hpa-manager/internal/config/kubeconfig.go:154.25,156.3 1 0
k8s-hpa-manager/internal/config/kubeconfig.go:158.2,158.12 1 0
k8s-hpa-manager/internal/config/kubeconfig.go:162.86,164.13 2 0
k8s-hpa-manager/internal/config/kubeconfig.go:164.13,166.3 1 0
k8s-hpa-manager/internal/config/kubeconfig.go:168.2,169.13 2 0
k8s-hpa-manager/internal/config/kubeconfig.go:169.13,171.3 1 0
k8s-hpa-manager/internal/config/kubeconfig.go:173.2,178.8 1 0
k8s-hpa-manager/internal/models/types.go:47.43,48.11 1 0
k8s-hpa-manager/internal/models/types.go:49.23,50.25 1 0
k8s-hpa-manager/internal/models/types.go:51.21,52.26 1 0
k8s-hpa-manager/internal/models/types.go:53.19,54.21 1 0
k8s-hpa-manager/internal/models/types.go:55.10,56.23 1 0
k8s-hpa-manager/internal/models/types.go:150.42,151.11 1 0
k8s-hpa-manager/internal/models/types.go:152.17,153.23 1 0
k8s-hpa-manager/internal/models/types.go:154.20,155.28 1 0
k8s-hpa-manager/internal/models/types.go:156.19,157.25 1 0
k8s-hpa-manager/internal/models/types.go:158.16,159.22 1 0
k8s-hpa-manager/internal/models/types.go:160.19,161.26 1 0
k8s-hpa-manager/internal/models/types.go:162.10,163.23 1 0
k8s-hpa-manager/main.go:10.13,11.38 1 0
k8s-hpa-manager/main.go:11.38,14.3 2 0
k8s-hpa-manager/internal/kubernetes/client.go:53.47,55.2 1 0
k8s-hpa-manager/internal/kubernetes/client.go:64.76,69.2 1 0
k8s-hpa-manager/internal/kubernetes/client.go:72.109,74.16 2 0
k8s-hpa-manager/internal/kubernetes/client.go:74.16,76.3 1 0
k8s-hpa-manager/internal/kubernetes/client.go:78.2,79.38 2 0
k8s-hpa-manager/internal/kubernetes/client.go:79.38,81.58 1 0
k8s-hpa-manager/internal/kubernetes/client.go:81.58,82.12 1 0
k8s-hpa-manager/internal/kubernetes/client.go:85.3,90.37 2 0
k8s-hpa-manager/internal/kubernetes/client.go:93.2,93.20 1 0
k8s-hpa-manager/internal/kubernetes/client.go:97.88,99.16 2 0
k8s-hpa-manager/internal/kubernetes/client.go:99.16,101.3 1 0
k8s-hpa-manager/internal/kubernetes/client.go:103.2,104.33 2 0
k8s-hpa-manager/internal/kubernetes/client.go:104.33,107.3 2 0
k8s-hpa-manager/internal/kubernetes/client.go:109.2,109.20 1 0
k8s-hpa-manager/internal/kubernetes/client.go:113.72,116.16 2 0
k8s-hpa-manager/internal/kubernetes/client.go:116.16,118.3 1 0
k8s-hpa-manager/internal/kubernetes/client.go:121.2,125.53 3 0
k8s-hpa-manager/internal/kubernetes/client.go:125.53,127.3 1 0
k8s-hpa-manager/internal/kubernetes/client.go:130.2,131.16 2 0
k8s-hpa-manager/internal/kubernetes/client.go:131.16,133.3 1 0
k8s-hpa-manager/internal/kubernetes/client.go:135.2,135.12 1 0
k8s-hpa-manager/internal/kubernetes/client.go:139.97,142.16 2 0
k8s-hpa-manager/internal/kubernetes/client.go:142.16,144.3 1 0
k8s-hpa-manager/internal/kubernetes/client.go:147.2,147.49 1 0
k8s-hpa-manager/internal/kubernetes/client.go:147.49,149.3 1 0
k8s-hpa-manager/internal/kubernetes/client.go:150.2,154.16 3 0
k8s-hpa-manager/internal/kubernetes/client.go:154.16,156.3 1 0
k8s-hpa-manager/internal/kubernetes/client.go:158.2,158.12 1 0
k8s-hpa-manager/internal/kubernetes/client.go:162.103,164.16 2 0
k8s-hpa-manager/internal/kubernetes/client.go:164.16,166.3 1 0
k8s-hpa-manager/internal/kubernetes/client.go:169.2,169.50 1 0
k8s-hpa-manager/internal/kubernetes/client.go:169.50,171.3 1 0
k8s-hpa-manager/internal/kubernetes/client.go:173.2,173.114 1 0
k8s-hpa-manager/internal/kubernetes/client.go:177.60,183.2 4 0
k8s-hpa-manager/internal/kubernetes/client.go:186.80,188.16 2 0
k8s-hpa-manager/internal/kubernetes/client.go:188.16,190.3 1 0
k8s-hpa-manager/internal/kubernetes/client.go:191.2,191.29 1 0
k8s-hpa-manager/internal/kubernetes/client.go:195.91,207.42 2 0
k8s-hpa-manager/internal/kubernetes/client.go:207.42,208.86 1 0
k8s-hpa-manager/internal/kubernetes/client.go:208.86,209.32 1 0
k8s-hpa-manager/internal/kubernetes/client.go:210.28,211.57 1 0
k8s-hpa-manager/internal/kubernetes/client.go:211.57,213.6 1 0
k8s-hpa-manager/internal/kubernetes/client.go:214.31,215.57 1 0
k8s-hpa-manager/internal/kubernetes/client.go:215.57,217.6 1 0
k8s-hpa-manager/internal/kubernetes/client.go:223.2,230.17 2 0
k8s-hpa-manager/internal/kubernetes/client.go:234.98,236.42 1 0
k8s-hpa-manager/internal/kubernetes/client.go:236.42,237.86 1 0
k8s-hpa-manager/internal/kubernetes/client.go:237.86,238.32 1 0
k8s-hpa-manager/internal/kubernetes/client.go:239.28,240.31 1 0
k8s-hpa-manager/internal/kubernetes/client.go:240.31,242.6 1 0
k8s-hpa-manager/internal/kubernetes/client.go:243.31,244.34 1 0
k8s-hpa-manager/internal/kubernetes/client.go:244.34,246.6 1 0
k8s-hpa-manager/internal/kubernetes/client.go:252.2,252.32 1 0
k8s-hpa-manager/internal/kubernetes/client.go:252.32,253.29 1 0
k8s-hpa-manager/internal/kubernetes/client.go:253.29,265.4 2 0
k8s-hpa-manager/internal/kubernetes/client.go:267.3,267.32 1 0
k8s-hpa-manager/internal/kubernetes/client.go:267.32,279.4 2 0
k8s-hpa-manager/cmd/root.go:29.54,37.36 3 0
k8s-hpa-manager/cmd/root.go:37.36,39.4 1 0
k8s-hpa-manager/cmd/root.go:41.3,41.13 1 0
k8s-hpa-manager/cmd/root.go:45.22,47.2 1 0
k8s-hpa-manager/cmd/root.go:49.13,57.70 3 0
k8s-hpa-manager/cmd/root.go:57.70,59.3 1 0
k8s-hpa-manager/internal/tui/app.go:39.53,59.2 2 0
k8s-hpa-manager/internal/tui/app.go:62.30,64.2 1 0
k8s-hpa-manager/internal/tui/app.go:67.56,68.27 1 0
k8s-hpa-manager/internal/tui/app.go:69.25,72.16 3 0
k8s-hpa-manager/internal/tui/app.go:74.18,75.31 1 0
k8s-hpa-manager/internal/tui/app.go:77.23,78.21 1 0
k8s-hpa-manager/internal/tui/app.go:78.21,81.4 2 0
k8s-hpa-manager/internal/tui/app.go:82.3,89.4 3 0
k8s-hpa-manager/internal/tui/app.go:91.29,92.21 1 0
k8s-hpa-manager/internal/tui/app.go:92.21,95.4 2 0
k8s-hpa-manager/internal/tui/app.go:96.3,98.39 3 0
k8s-hpa-manager/internal/tui/app.go:100.32,102.16 2 0
k8s-hpa-manager/internal/tui/app.go:104.27,105.21 1 0
k8s-hpa-manager/internal/tui/app.go:105.21,110.4 4 0
k8s-hpa-manager/internal/tui/app.go:111.3,114.66 2 0
k8s-hpa-manager/internal/tui/app.go:114.66,117.58 2 0
k8s-hpa-manager/internal/tui/app.go:117.58,118.50 1 0
k8s-hpa-manager/internal/tui/app.go:118.50,120.6 1 0
k8s-hpa-manager/internal/tui/app.go:121.5,121.64 1 0
k8s-hpa-manager/internal/tui/app.go:124.4,125.42 2 0
k8s-hpa-manager/internal/tui/app.go:125.42,126.44 1 0
k8s-hpa-manager/internal/tui/app.go:126.44,128.6 1 0
k8s-hpa-manager/internal/tui/app.go:129.5,129.49 1 0
k8s-hpa-manager/internal/tui/app.go:133.4,134.56 2 0
k8s-hpa-manager/internal/tui/app.go:134.56,135.39 1 0
k8s-hpa-manager/internal/tui/app.go:135.39,136.83 1 0
k8s-hpa-manager/internal/tui/app.go:136.83,138.12 2 0
k8s-hpa-manager/internal/tui/app.go:141.5,141.19 1 0
k8s-hpa-manager/internal/tui/app.go:141.19,142.11 1 0
k8s-hpa-manager/internal/tui/app.go:146.4,146.17 1 0
k8s-hpa-manager/internal/tui/app.go:146.17,148.5 1 0
k8s-hpa-manager/internal/tui/app.go:149.9,153.4 2 0
k8s-hpa-manager/internal/tui/app.go:155.3,155.16 1 0
k8s-hpa-manager/internal/tui/app.go:157.29,158.21 1 0
k8s-hpa-manager/internal/tui/app.go:158.21,161.4 1 0
k8s-hpa-manager/internal/tui/app.go:163.3,163.37 1 0
k8s-hpa-manager/internal/tui/app.go:163.37,164.99 1 0
k8s-hpa-manager/internal/tui/app.go:164.99,166.10 2 0
k8s-hpa-manager/internal/tui/app.go:169.3,169.16 1 0
k8s-hpa-manager/internal/tui/app.go:171.21,172.21 1 0
k8s-hpa-manager/internal/tui/app.go:172.21,174.34 2 0
k8s-hpa-manager/internal/tui/app.go:174.34,177.5 2 0
k8s-hpa-manager/internal/tui/app.go:178.4,178.17 1 0
k8s-hpa-manager/internal/tui/app.go:180.3,183.66 2 0
k8s-hpa-manager/internal/tui/app.go:183.66,186.58 2 0
k8s-hpa-manager/internal/tui/app.go:186.58,187.44 1 0
k8s-hpa-manager/internal/tui/app.go:187.44,189.6 1 0
k8s-hpa-manager/internal/tui/app.go:190.5,190.62 1 0
k8s-hpa-manager/internal/tui/app.go:190.62,192.6 1 0
k8s-hpa-manager/internal/tui/app.go:193.5,193.74 1 0
k8s-hpa-manager/internal/tui/app.go:196.4,197.37 2 0
k8s-hpa-manager/internal/tui/app.go:197.37,198.39 1 0
k8s-hpa-manager/internal/tui/app.go:198.39,200.6 1 0
k8s-hpa-manager/internal/tui/app.go:201.5,201.54 1 0
k8s-hpa-manager/internal/tui/app.go:201.54,203.6 1 0
k8s-hpa-manager/internal/tui/app.go:204.5,204.60 1 0
k8s-hpa-manager/internal/tui/app.go:208.4,209.50 2 0
k8s-hpa-manager/internal/tui/app.go:209.50,210.45 1 0
k8s-hpa-manager/internal/tui/app.go:210.45,211.32 1 0
k8s-hpa-manager/internal/tui/app.go:211.32,214.51 1 0
k8s-hpa-manager/internal/tui/app.go:214.51,216.13 2 0
k8s-hpa-manager/internal/tui/app.go:219.6,219.20 1 0
k8s-hpa-manager/internal/tui/app.go:219.20,220.12 1 0
k8s-hpa-manager/internal/tui/app.go:223.5,223.19 1 0
k8s-hpa-manager/internal/tui/app.go:223.19,224.11 1 0
k8s-hpa-manager/internal/tui/app.go:228.4,228.17 1 0
k8s-hpa-manager/internal/tui/app.go:228.17,232.5 3 0
k8s-hpa-manager/internal/tui/app.go:235.3,235.16 1 0
k8s-hpa-manager/internal/tui/app.go:237.23,238.21 1 0
k8s-hpa-manager/internal/tui/app.go:238.21,241.4 2 0
k8s-hpa-manager/internal/tui/app.go:242.3,243.16 2 0
k8s-hpa-manager/internal/tui/app.go:245.25,246.21 1 0
k8s-hpa-manager/internal/tui/app.go:246.21,249.4 1 0
k8s-hpa-manager/internal/tui/app.go:250.3,251.16 2 0
k8s-hpa-manager/internal/tui/app.go:253.24,254.21 1 0
k8s-hpa-manager/internal/tui/app.go:254.21,257.4 2 0
k8s-hpa-manager/internal/tui/app.go:258.3,261.43 2 0
k8s-hpa-manager/internal/tui/app.go:263.28,264.21 1 0
k8s-hpa-manager/internal/tui/app.go:264.21,267.4 2 0
k8s-hpa-manager/internal/tui/app.go:269.3,269.16 1 0
k8s-hpa-manager/internal/tui/app.go:271.29,273.16 2 0
k8s-hpa-manager/internal/tui/app.go:276.2,276.15 1 0
k8s-hpa-manager/internal/tui/app.go:280.29,281.18 1 0
k8s-hpa-manager/internal/tui/app.go:281.18,283.3 1 0
k8s-hpa-manager/internal/tui/app.go:286.2,286.25 1 0
k8s-hpa-manager/internal/tui/app.go:286.25,288.3 1 0
k8s-hpa-manager/internal/tui/app.go:291.2,291.23 1 0
k8s-hpa-manager/internal/tui/app.go:292.36,293.36 1 0
k8s-hpa-manager/internal/tui/app.go:294.38,295.38 1 0
k8s-hpa-manager/internal/tui/app.go:296.33,297.33 1 0
k8s-hpa-manager/internal/tui/app.go:298.30,299.30 1 0
k8s-hpa-manager/internal/tui/app.go:300.34,301.34 1 0
k8s-hpa-manager/internal/tui/app.go:302.37,303.37 1 0
k8s-hpa-manager/internal/tui/app.go:304.10,305.25 1 0
k8s-hpa-manager/internal/tui/app.go:310.67,313.80 1 0
k8s-hpa-manager/internal/tui/app.go:313.80,314.23 1 0
k8s-hpa-manager/internal/tui/app.go:315.17,317.22 2 0
k8s-hpa-manager/internal/tui/app.go:318.14,322.17 3 0
k8s-hpa-manager/internal/tui/app.go:323.11,325.42 1 0
k8s-hpa-manager/internal/tui/app.go:329.2,329.22 1 0
k8s-hpa-manager/internal/tui/app.go:330.21,332.21 2 0
k8s-hpa-manager/internal/tui/app.go:334.11,336.16 2 0
k8s-hpa-manager/internal/tui/app.go:338.13,340.26 1 0
k8s-hpa-manager/internal/tui/app.go:344.2,344.23 1 0
k8s-hpa-manager/internal/tui/app.go:345.36,346.43 1 0
k8s-hpa-manager/internal/tui/app.go:347.38,348.45 1 0
k8s-hpa-manager/internal/tui/app.go:349.33,350.40 1 0
k8s-hpa-manager/internal/tui/app.go:351.30,352.37 1 0
k8s-hpa-manager/internal/tui/app.go:353.34,354.41 1 0
k8s-hpa-manager/internal/tui/app.go:355.37,356.44 1 0
k8s-hpa-manager/internal/tui/app.go:359.2,359.15 1 0
k8s-hpa-manager/internal/tui/app.go:363.51,364.23 1 0
k8s-hpa-manager/internal/tui/app.go:365.38,367.28 2 0
k8s-hpa-manager/internal/tui/app.go:368.33,370.28 2 0
k8s-hpa-manager/internal/tui/app.go:371.30,374.47 3 0
k8s-hpa-manager/internal/tui/app.go:375.34,377.33 1 0
k8s-hpa-manager/internal/tui/app.go:377.33,379.4 1 0
k8s-hpa-manager/internal/tui/app.go:379.9,381.4 1 0
k8s-hpa-manager/internal/tui/app.go:382.37,384.33 1 0
k8s-hpa-manager/internal/tui/app.go:386.2,386.15 1 0
k8s-hpa-manager/internal/tui/app.go:390.43,391.29 1 0
k8s-hpa-manager/internal/tui/app.go:391.29,393.3 1 0
k8s-hpa-manager/internal/tui/app.go:394.2,394.25 1 0
k8s-hpa-manager/internal/tui/app.go:398.98,399.34 1 0
k8s-hpa-manager/internal/tui/app.go:399.34,400.46 1 0
k8s-hpa-manager/internal/tui/app.go:400.46,402.18 2 0
k8s-hpa-manager/internal/tui/app.go:402.18,404.5 1 0
k8s-hpa-manager/internal/tui/app.go:405.4,405.9 1 0
k8s-hpa-manager/internal/tui/app.go:411.99,412.36 1 0
k8s-hpa-manager/internal/tui/app.go:412.36,413.46 1 0
k8s-hpa-manager/internal/tui/app.go:413.46,415.18 2 0
k8s-hpa-manager/internal/tui/app.go:415.18,417.5 1 0
k8s-hpa-manager/internal/tui/app.go:418.4,418.9 1 0
k8s-hpa-manager/internal/tui/app.go:424.42,426.2 1 0
k8s-hpa-manager/internal/tui/components.go:16.70,19.16 2 0
k8s-hpa-manager/internal/tui/components.go:20.30,21.28 1 0
k8s-hpa-manager/internal/tui/components.go:22.26,23.26 1 0
k8s-hpa-manager/internal/tui/components.go:24.28,25.28 1 0
k8s-hpa-manager/internal/tui/components.go:26.10,30.17 1 0
k8s-hpa-manager/internal/tui/components.go:33.2,33.27 1 0
k8s-hpa-manager/internal/tui/components.go:37.73,44.2 1 0
k8s-hpa-manager/internal/tui/components.go:47.57,54.2 2 0
k8s-hpa-manager/internal/tui/components.go:57.60,61.13 3 0
k8s-hpa-manager/internal/tui/components.go:61.13,68.3 2 0
k8s-hpa-manager/internal/tui/components.go:68.8,74.3 2 0
k8s-hpa-manager/internal/tui/components.go:76.2,76.88 1 0
k8s-hpa-manager/internal/tui/components.go:80.46,83.31 2 0
k8s-hpa-manager/internal/tui/components.go:83.31,85.13 2 0
k8s-hpa-manager/internal/tui/components.go:85.13,87.4 1 0
k8s-hpa-manager/internal/tui/components.go:87.9,87.32 1 0
k8s-hpa-manager/internal/tui/components.go:87.32,89.4 1 0
k8s-hpa-manager/internal/tui/components.go:89.9,91.4 1 0
k8s-hpa-manager/internal/tui/components.go:93.3,96.23 3 0
k8s-hpa-manager/internal/tui/components.go:97.20,99.60 2 0
k8s-hpa-manager/internal/tui/components.go:100.17,102.58 2 0
k8s-hpa-manager/internal/tui/components.go:103.22,105.60 2 0
k8s-hpa-manager/internal/tui/components.go:106.11,108.31 2 0
k8s-hpa-manager/internal/tui/components.go:111.3,119.30 3 0
k8s-hpa-manager/internal/tui/components.go:122.2,122.34 1 0
k8s-hpa-manager/internal/tui/components.go:134.72,139.33 3 0
k8s-hpa-manager/internal/tui/components.go:139.33,146.3 1 0
k8s-hpa-manager/internal/tui/components.go:147.2,154.27 4 0
k8s-hpa-manager/internal/tui/components.go:154.27,158.24 3 0
k8s-hpa-manager/internal/tui/components.go:158.24,160.4 1 0
k8s-hpa-manager/internal/tui/components.go:160.9,162.4 1 0
k8s-hpa-manager/internal/tui/components.go:164.3,164.28 1 0
k8s-hpa-manager/internal/tui/components.go:164.28,169.4 1 0
k8s-hpa-manager/internal/tui/components.go:171.3,171.64 1 0
k8s-hpa-manager/internal/tui/components.go:174.2,174.25 1 0
k8s-hpa-manager/internal/tui/components.go:178.60,182.26 3 0
k8s-hpa-manager/internal/tui/components.go:183.17,190.15 2 0
k8s-hpa-manager/internal/tui/components.go:191.15,198.15 2 0
k8s-hpa-manager/internal/tui/components.go:199.17,206.18 2 0
k8s-hpa-manager/internal/tui/components.go:207.10,214.18 2 0
k8s-hpa-manager/internal/tui/components.go:217.2,217.58 1 0
k8s-hpa-manager/internal/tui/components.go:221.54,229.2 3 0
k8s-hpa-manager/internal/tui/components.go:232.81,239.22 5 0
k8s-hpa-manager/internal/tui/components.go:239.22,241.47 1 0
k8s-hpa-manager/internal/tui/components.go:241.47,242.48 1 0
k8s-hpa-manager/internal/tui/components.go:242.48,243.24 1 0
k8s-hpa-manager/internal/tui/components.go:243.24,246.6 2 0
k8s-hpa-manager/internal/tui/components.go:246.11,249.6 2 0
k8s-hpa-manager/internal/tui/components.go:251.9,254.4 2 0
k8s-hpa-manager/internal/tui/components.go:255.8,258.3 2 0
k8s-hpa-manager/internal/tui/components.go:260.2,265.35 1 0
k8s-hpa-manager/internal/tui/components.go:269.72,282.2 3 0
k8s-hpa-manager/internal/tui/components.go:285.78,298.37 3 0
k8s-hpa-manager/internal/tui/components.go:298.37,314.3 4 0
k8s-hpa-manager/internal/tui/components.go:317.2,333.27 2 0
k8s-hpa-manager/internal/tui/components.go:343.40,344.21 1 0
k8s-hpa-manager/internal/tui/components.go:344.21,346.3 1 0
k8s-hpa-manager/internal/tui/components.go:348.2,350.29 2 0
k8s-hpa-manager/internal/tui/components.go:350.29,353.24 2 0
k8s-hpa-manager/internal/tui/components.go:353.24,358.4 1 0
k8s-hpa-manager/internal/tui/components.go:358.9,362.4 1 0
k8s-hpa-manager/internal/tui/components.go:364.3,364.64 1 0
k8s-hpa-manager/internal/tui/components.go:367.2,367.45 1 0
k8s-hpa-manager/internal/tui/components.go:371.67,375.19 3 0
k8s-hpa-manager/internal/tui/components.go:376.14,382.18 2 0
k8s-hpa-manager/internal/tui/components.go:383.17,389.18 2 0
k8s-hpa-manager/internal/tui/components.go:390.15,396.15 2 0
k8s-hpa-manager/internal/tui/components.go:397.17,403.15 2 0
k8s-hpa-manager/internal/tui/components.go:404.10,406.16 2 0
k8s-hpa-manager/internal/tui/components.go:409.2,415.18 3 0
k8s-hpa-manager/internal/tui/components.go:419.44,423.16 3 0
k8s-hpa-manager/internal/tui/components.go:424.39,426.17 2 0
k8s-hpa-manager/internal/tui/components.go:427.45,429.17 2 0
k8s-hpa-manager/internal/tui/components.go:430.29,432.17 2 0
k8s-hpa-manager/internal/tui/components.go:433.28,435.17 2 0
k8s-hpa-manager/internal/tui/components.go:436.10,438.17 2 0
k8s-hpa-manager/internal/tui/components.go:441.2,444.17 1 0
k8s-hpa-manager/internal/tui/components.go:448.73,449.22 1 0
k8s-hpa-manager/internal/tui/components.go:449.22,451.3 1 0
k8s-hpa-manager/internal/tui/components.go:452.2,452.20 1 0
k8s-hpa-manager/internal/tui/components.go:452.20,454.3 1 0
k8s-hpa-manager/internal/tui/components.go:456.2,460.22 4 0
k8s-hpa-manager/internal/tui/components.go:460.22,462.3 1 0
k8s-hpa-manager/internal/tui/components.go:462.8,462.29 1 0
k8s-hpa-manager/internal/tui/components.go:462.29,464.3 1 0
k8s-hpa-manager/internal/tui/components.go:464.8,466.3 1 0
k8s-hpa-manager/internal/tui/components.go:468.2,478.14 4 0
k8s-hpa-manager/internal/tui/components.go:478.14,483.3 2 0
k8s-hpa-manager/internal/tui/components.go:485.2,485.12 1 0
k8s-hpa-manager/internal/tui/components.go:489.61,503.2 1 0
k8s-hpa-manager/internal/tui/components.go:506.54,509.34 2 0
k8s-hpa-manager/internal/tui/components.go:509.34,513.28 2 0
k8s-hpa-manager/internal/tui/components.go:514.12,515.13 1 0
k8s-hpa-manager/internal/tui/components.go:515.13,517.5 1 0
k8s-hpa-manager/internal/tui/components.go:517.10,519.5 1 0
k8s-hpa-manager/internal/tui/components.go:520.15,521.58 1 0
k8s-hpa-manager/internal/tui/components.go:521.58,523.5 1 0
k8s-hpa-manager/internal/tui/components.go:523.10,523.62 1 0
k8s-hpa-manager/internal/tui/components.go:523.62,525.5 1 0
k8s-hpa-manager/internal/tui/components.go:525.10,527.5 1 0
k8s-hpa-manager/internal/tui/components.go:528.11,529.56 1 0
k8s-hpa-manager/internal/tui/components.go:529.56,531.48 1 0
k8s-hpa-manager/internal/tui/components.go:531.48,533.6 1 0
k8s-hpa-manager/internal/tui/components.go:533.11,535.6 1 0
k8s-hpa-manager/internal/tui/components.go:536.10,538.5 1 0
k8s-hpa-manager/internal/tui/components.go:541.3,542.30 2 0
k8s-hpa-manager/internal/tui/components.go:545.2,545.52 1 0
k8s-hpa-manager/internal/tui/components.go:549.68,565.2 2 0
k8s-hpa-manager/internal/tui/handlers.go:14.79,15.22 1 0
k8s-hpa-manager/internal/tui/handlers.go:16.17,17.32 1 0
k8s-hpa-manager/internal/tui/handlers.go:17.32,19.4 1 0
k8s-hpa-manager/internal/tui/handlers.go:20.3,20.16 1 0
k8s-hpa-manager/internal/tui/handlers.go:22.19,23.54 1 0
k8s-hpa-manager/internal/tui/handlers.go:23.54,25.4 1 0
k8s-hpa-manager/internal/tui/handlers.go:26.3,26.16 1 0
k8s-hpa-manager/internal/tui/handlers.go:28.20,30.53 1 0
k8s-hpa-manager/internal/tui/handlers.go:30.53,32.4 1 0
k8s-hpa-manager/internal/tui/handlers.go:34.3,37.55 2 0
k8s-hpa-manager/internal/tui/handlers.go:37.55,40.4 2 0
k8s-hpa-manager/internal/tui/handlers.go:43.3,43.35 1 0
k8s-hpa-manager/internal/tui/handlers.go:43.35,45.4 1 0
k8s-hpa-manager/internal/tui/handlers.go:46.3,55.31 7 0
k8s-hpa-manager/internal/tui/handlers.go:57.11,60.35 2 0
k8s-hpa-manager/internal/tui/handlers.go:60.35,63.4 2 0
k8s-hpa-manager/internal/tui/handlers.go:64.3,64.39 1 0
k8s-hpa-manager/internal/tui/handlers.go:66.16,71.29 4 0
k8s-hpa-manager/internal/tui/handlers.go:75.2,75.15 1 0
k8s-hpa-manager/internal/tui/handlers.go:79.81,80.22 1 0
k8s-hpa-manager/internal/tui/handlers.go:81.17,82.32 1 0
k8s-hpa-manager/internal/tui/handlers.go:82.32,84.4 1 0
k8s-hpa-manager/internal/tui/handlers.go:85.3,85.16 1 0
k8s-hpa-manager/internal/tui/handlers.go:87.19,88.56 1 0
k8s-hpa-manager/internal/tui/handlers.go:88.56,90.4 1 0
k8s-hpa-manager/internal/tui/handlers.go:91.3,91.16 1 0
k8s-hpa-manager/internal/tui/handlers.go:93.20,95.55 1 0
k8s-hpa-manager/internal/tui/handlers.go:95.55,97.4 1 0
k8s-hpa-manager/internal/tui/handlers.go:99.3,104.37 2 0
k8s-hpa-manager/internal/tui/handlers.go:104.37,106.4 1 0
k8s-hpa-manager/internal/tui/handlers.go:107.3,115.25 6 0
k8s-hpa-manager/internal/tui/handlers.go:118.11,121.41 2 0
k8s-hpa-manager/internal/tui/handlers.go:121.41,122.23 1 0
k8s-hpa-manager/internal/tui/handlers.go:122.23,124.5 1 0
k8s-hpa-manager/internal/tui/handlers.go:126.3,127.45 2 0
k8s-hpa-manager/internal/tui/handlers.go:127.45,129.4 1 0
k8s-hpa-manager/internal/tui/handlers.go:130.3,130.16 1 0
k8s-hpa-manager/internal/tui/handlers.go:132.11,138.31 5 0
k8s-hpa-manager/internal/tui/handlers.go:141.2,141.15 1 0
k8s-hpa-manager/internal/tui/handlers.go:145.76,146.22 1 0
k8s-hpa-manager/internal/tui/handlers.go:147.17,148.32 1 0
k8s-hpa-manager/internal/tui/handlers.go:148.32,150.4 1 0
k8s-hpa-manager/internal/tui/handlers.go:151.3,151.16 1 0
k8s-hpa-manager/internal/tui/handlers.go:153.19,154.50 1 0
k8s-hpa-manager/internal/tui/handlers.go:154.50,156.4 1 0
k8s-hpa-manager/internal/tui/handlers.go:157.3,157.16 1 0
k8s-hpa-manager/internal/tui/handlers.go:159.11,161.48 1 0
k8s-hpa-manager/internal/tui/handlers.go:161.48,163.4 1 0
k8s-hpa-manager/internal/tui/handlers.go:164.3,164.16 1 0
k8s-hpa-manager/internal/tui/handlers.go:166.25,168.48 1 0
k8s-hpa-manager/internal/tui/handlers.go:168.48,172.21 2 0
k8s-hpa-manager/internal/tui/handlers.go:172.21,174.5 1 0
k8s-hpa-manager/internal/tui/handlers.go:176.4,177.42 2 0
k8s-hpa-manager/internal/tui/handlers.go:179.3,179.16 1 0
k8s-hpa-manager/internal/tui/handlers.go:181.16,184.31 2 0
k8s-hpa-manager/internal/tui/handlers.go:184.31,185.32 1 0
k8s-hpa-manager/internal/tui/handlers.go:185.32,187.5 1 0
k8s-hpa-manager/internal/tui/handlers.go:190.3,190.20 1 0
k8s-hpa-manager/internal/tui/handlers.go:190.20,193.4 2 0
k8s-hpa-manager/internal/tui/handlers.go:194.3,194.16 1 0
k8s-hpa-manager/internal/tui/handlers.go:196.16,200.29 3 0
k8s-hpa-manager/internal/tui/handlers.go:202.16,207.31 3 0
k8s-hpa-manager/internal/tui/handlers.go:207.31,208.60 1 0
k8s-hpa-manager/internal/tui/handlers.go:208.60,212.31 2 0
k8s-hpa-manager/internal/tui/handlers.go:212.31,214.6 1 0
k8s-hpa-manager/internal/tui/handlers.go:218.3,218.26 1 0
k8s-hpa-manager/internal/tui/handlers.go:218.26,225.4 4 0
k8s-hpa-manager/internal/tui/handlers.go:226.3,226.16 1 0
k8s-hpa-manager/internal/tui/handlers.go:228.11,230.31 1 0
k8s-hpa-manager/internal/tui/handlers.go:230.31,232.4 1 0
k8s-hpa-manager/internal/tui/handlers.go:233.3,233.16 1 0
k8s-hpa-manager/internal/tui/handlers.go:235.11,237.31 1 0
k8s-hpa-manager/internal/tui/handlers.go:237.31,239.4 1 0
k8s-hpa-manager/internal/tui/handlers.go:240.3,240.16 1 0
k8s-hpa-manager/internal/tui/handlers.go:244.2,244.15 1 0
k8s-hpa-manager/internal/tui/handlers.go:248.73,249.31 1 0
k8s-hpa-manager/internal/tui/handlers.go:249.31,251.3 1 0
k8s-hpa-manager/internal/tui/handlers.go:253.2,253.22 1 0
k8s-hpa-manager/internal/tui/handlers.go:254.13,256.33 1 0
k8s-hpa-manager/internal/tui/handlers.go:258.15,260.29 1 0
k8s-hpa-manager/internal/tui/handlers.go:262.11,264.49 1 0
k8s-hpa-manager/internal/tui/handlers.go:264.49,266.30 2 0
k8s-hpa-manager/internal/tui/handlers.go:266.30,268.5 1 0
k8s-hpa-manager/internal/tui/handlers.go:268.10,270.5 1 0
k8s-hpa-manager/internal/tui/handlers.go:271.4,271.17 1 0
k8s-hpa-manager/internal/tui/handlers.go:273.3,273.16 1 0
k8s-hpa-manager/internal/tui/handlers.go:275.17,277.36 1 0
k8s-hpa-manager/internal/tui/handlers.go:279.19,281.37 1 0
k8s-hpa-manager/internal/tui/handlers.go:283.17,285.36 1 0
k8s-hpa-manager/internal/tui/handlers.go:287.19,289.37 1 0
k8s-hpa-manager/internal/tui/handlers.go:291.19,293.36 1 0
k8s-hpa-manager/internal/tui/handlers.go:295.16,297.36 1 0
k8s-hpa-manager/internal/tui/handlers.go:300.56,301.44 1 0
k8s-hpa-manager/internal/tui/handlers.go:304.2,304.15 1 0
k8s-hpa-manager/internal/tui/handlers.go:308.77,309.22 1 0
k8s-hpa-manager/internal/tui/handlers.go:310.17,311.32 1 0
k8s-hpa-manager/internal/tui/handlers.go:311.32,313.4 1 0
k8s-hpa-manager/internal/tui/handlers.go:314.3,314.16 1 0
k8s-hpa-manager/internal/tui/handlers.go:316.19,317.54 1 0
k8s-hpa-manager/internal/tui/handlers.go:317.54,319.4 1 0
k8s-hpa-manager/internal/tui/handlers.go:320.3,320.16 1 0
k8s-hpa-manager/internal/tui/handlers.go:322.16,326.16 3 0
k8s-hpa-manager/internal/tui/handlers.go:328.16,331.24 2 0
k8s-hpa-manager/internal/tui/handlers.go:331.24,337.4 1 0
k8s-hpa-manager/internal/tui/handlers.go:339.3,347.35 4 0
k8s-hpa-manager/internal/tui/handlers.go:349.16,351.52 1 0
k8s-hpa-manager/internal/tui/handlers.go:351.52,354.4 2 0
k8s-hpa-manager/internal/tui/handlers.go:355.3,355.16 1 0
k8s-hpa-manager/internal/tui/handlers.go:357.16,359.52 1 0
k8s-hpa-manager/internal/tui/handlers.go:359.52,362.4 2 0
k8s-hpa-manager/internal/tui/handlers.go:363.3,363.16 1 0
k8s-hpa-manager/internal/tui/handlers.go:365.16,367.36 1 0
k8s-hpa-manager/internal/tui/handlers.go:367.36,369.58 2 0
k8s-hpa-manager/internal/tui/handlers.go:369.58,371.33 1 0
k8s-hpa-manager/internal/tui/handlers.go:371.33,375.34 2 0
k8s-hpa-manager/internal/tui/handlers.go:375.34,383.12 5 0
k8s-hpa-manager/internal/tui/handlers.go:388.4,388.21 1 0
k8s-hpa-manager/internal/tui/handlers.go:388.21,391.5 2 0
k8s-hpa-manager/internal/tui/handlers.go:393.3,393.16 1 0
k8s-hpa-manager/internal/tui/handlers.go:395.15,397.34 1 0
k8s-hpa-manager/internal/tui/handlers.go:397.34,399.25 2 0
k8s-hpa-manager/internal/tui/handlers.go:399.25,405.5 1 0
k8s-hpa-manager/internal/tui/handlers.go:407.4,414.36 3 0
k8s-hpa-manager/internal/tui/handlers.go:415.9,417.53 1 0
k8s-hpa-manager/internal/tui/handlers.go:417.53,420.5 2 0
k8s-hpa-manager/internal/tui/handlers.go:422.3,422.16 1 0
k8s-hpa-manager/internal/tui/handlers.go:424.19,426.34 1 0
k8s-hpa-manager/internal/tui/handlers.go:426.34,428.4 1 0
k8s-hpa-manager/internal/tui/handlers.go:429.3,429.16 1 0
k8s-hpa-manager/internal/tui/handlers.go:431.16,433.34 1 0
k8s-hpa-manager/internal/tui/handlers.go:433.34,435.4 1 0
k8s-hpa-manager/internal/tui/handlers.go:436.3,436.16 1 0
k8s-hpa-manager/internal/tui/handlers.go:439.10,440.60 1 0
k8s-hpa-manager/internal/tui/handlers.go:440.60,442.4 1 0
k8s-hpa-manager/internal/tui/handlers.go:445.2,445.15 1 0
k8s-hpa-manager/internal/tui/handlers.go:449.80,450.22 1 0
k8s-hpa-manager/internal/tui/handlers.go:451.15,455.16 3 0
k8s-hpa-manager/internal/tui/handlers.go:458.2,458.15 1 0
k8s-hpa-manager/internal/tui/handlers.go:464.54,466.16 2 0
k8s-hpa-manager/internal/tui/handlers.go:466.16,468.3 1 0
k8s-hpa-manager/internal/tui/handlers.go:471.2,471.66 1 0
k8s-hpa-manager/internal/tui/handlers.go:471.66,472.66 1 0
k8s-hpa-manager/internal/tui/handlers.go:472.66,475.4 2 0
k8s-hpa-manager/internal/tui/handlers.go:478.2,478.66 1 0
k8s-hpa-manager/internal/tui/handlers.go:478.66,479.66 1 0
k8s-hpa-manager/internal/tui/handlers.go:479.66,481.4 1 0
k8s-hpa-manager/internal/tui/handlers.go:484.2,484.64 1 0
k8s-hpa-manager/internal/tui/handlers.go:484.64,485.66 1 0
k8s-hpa-manager/internal/tui/handlers.go:485.66,488.4 2 0
k8s-hpa-manager/internal/tui/handlers.go:491.2,491.67 1 0
k8s-hpa-manager/internal/tui/handlers.go:491.67,492.66 1 0
k8s-hpa-manager/internal/tui/handlers.go:492.66,495.4 2 0
k8s-hpa-manager/internal/tui/handlers.go:499.2,506.15 5 0
k8s-hpa-manager/internal/tui/handlers.go:510.69,512.23 2 0
k8s-hpa-manager/internal/tui/handlers.go:512.23,514.3 1 0
k8s-hpa-manager/internal/tui/handlers.go:517.2,517.40 1 0
k8s-hpa-manager/internal/tui/handlers.go:517.40,519.3 1 0
k8s-hpa-manager/internal/tui/handlers.go:521.2,521.67 1 0
k8s-hpa-manager/internal/tui/handlers.go:521.67,522.74 1 0
k8s-hpa-manager/internal/tui/handlers.go:522.74,526.23 2 0
k8s-hpa-manager/internal/tui/handlers.go:527.33,528.19 1 0
k8s-hpa-manager/internal/tui/handlers.go:528.19,530.6 1 0
k8s-hpa-manager/internal/tui/handlers.go:531.33,532.19 1 0
k8s-hpa-manager/internal/tui/handlers.go:532.19,534.6 1 0
k8s-hpa-manager/internal/tui/handlers.go:535.57,536.19 1 0
k8s-hpa-manager/internal/tui/handlers.go:536.19,538.6 1 0
k8s-hpa-manager/internal/tui/handlers.go:539.5,539.21 1 0
k8s-hpa-manager/internal/tui/handlers.go:539.21,541.6 1 0
k8s-hpa-manager/internal/tui/handlers.go:544.4,544.63 1 0
k8s-hpa-manager/internal/tui/handlers.go:548.2,548.15 1 0
k8s-hpa-manager/internal/tui/handlers.go:552.69,554.23 2 0
k8s-hpa-manager/internal/tui/handlers.go:554.23,556.3 1 0
k8s-hpa-manager/internal/tui/handlers.go:559.2,559.40 1 0
k8s-hpa-manager/internal/tui/handlers.go:559.40,561.3 1 0
k8s-hpa-manager/internal/tui/handlers.go:563.2,563.64 1 0
k8s-hpa-manager/internal/tui/handlers.go:563.64,565.23 1 0
k8s-hpa-manager/internal/tui/handlers.go:565.23,567.4 1 0
k8s-hpa-manager/internal/tui/handlers.go:568.8,570.3 1 0
k8s-hpa-manager/internal/tui/handlers.go:572.2,572.15 1 0
k8s-hpa-manager/internal/tui/handlers.go:576.72,578.57 1 0
k8s-hpa-manager/internal/tui/handlers.go:578.57,581.3 2 0
k8s-hpa-manager/internal/tui/handlers.go:584.2,584.117 1 0
k8s-hpa-manager/internal/tui/handlers.go:584.117,585.36 1 0
k8s-hpa-manager/internal/tui/handlers.go:585.36,587.4 1 0
k8s-hpa-manager/internal/tui/handlers.go:590.2,590.15 1 0
k8s-hpa-manager/internal/tui/handlers.go:594.61,596.23 2 0
k8s-hpa-manager/internal/tui/handlers.go:596.23,598.3 1 0
k8s-hpa-manager/internal/tui/handlers.go:601.2,601.40 1 0
k8s-hpa-manager/internal/tui/handlers.go:601.40,603.3 1 0
k8s-hpa-manager/internal/tui/handlers.go:605.2,605.84 1 0
k8s-hpa-manager/internal/tui/handlers.go:605.84,610.44 2 0
k8s-hpa-manager/internal/tui/handlers.go:610.44,612.4 1 0
k8s-hpa-manager/internal/tui/handlers.go:615.2,615.15 1 0
k8s-hpa-manager/internal/tui/handlers.go:619.58,622.35 2 0
k8s-hpa-manager/internal/tui/handlers.go:622.35,623.19 1 0
k8s-hpa-manager/internal/tui/handlers.go:623.19,637.4 2 0
k8s-hpa-manager/internal/tui/handlers.go:640.2,640.16 1 0
k8s-hpa-manager/internal/tui/handlers.go:644.58,645.31 1 0
k8s-hpa-manager/internal/tui/handlers.go:645.31,647.3 1 0
k8s-hpa-manager/internal/tui/handlers.go:649.2,658.31 3 0
k8s-hpa-manager/internal/tui/handlers.go:658.31,659.35 1 0
k8s-hpa-manager/internal/tui/handlers.go:659.35,661.9 2 0
k8s-hpa-manager/internal/tui/handlers.go:666.2,669.15 3 0
k8s-hpa-manager/internal/tui/handlers.go:673.59,680.28 4 0
k8s-hpa-manager/internal/tui/handlers.go:680.28,682.3 1 0
k8s-hpa-manager/internal/tui/handlers.go:682.8,684.3 1 0
k8s-hpa-manager/internal/tui/handlers.go:686.2,688.26 2 0
k8s-hpa-manager/internal/tui/handlers.go:688.26,690.3 1 0
k8s-hpa-manager/internal/tui/handlers.go:690.8,692.3 1 0
k8s-hpa-manager/internal/tui/handlers.go:694.2,694.29 1 0
k8s-hpa-manager/internal/tui/handlers.go:694.29,696.3 1 0
k8s-hpa-manager/internal/tui/handlers.go:696.8,698.3 1 0
k8s-hpa-manager/internal/tui/handlers.go:701.2,702.32 2 0
k8s-hpa-manager/internal/tui/message.go:94.44,95.24 1 0
k8s-hpa-manager/internal/tui/message.go:95.24,98.17 2 0
k8s-hpa-manager/internal/tui/message.go:98.17,100.4 1 0
k8s-hpa-manager/internal/tui/message.go:103.3,103.54 1 0
k8s-hpa-manager/internal/tui/message.go:103.54,105.4 1 0
k8s-hpa-manager/internal/tui/message.go:108.3,109.17 2 0
k8s-hpa-manager/internal/tui/message.go:109.17,111.4 1 0
k8s-hpa-manager/internal/tui/message.go:113.3,116.4 1 0
k8s-hpa-manager/internal/tui/message.go:121.42,122.24 1 0
k8s-hpa-manager/internal/tui/message.go:122.24,123.27 1 0
k8s-hpa-manager/internal/tui/message.go:123.27,125.4 1 0
k8s-hpa-manager/internal/tui/message.go:127.3,128.51 2 0
k8s-hpa-manager/internal/tui/message.go:132.48,135.43 2 0
k8s-hpa-manager/internal/tui/message.go:135.43,137.3 1 0
k8s-hpa-manager/internal/tui/message.go:139.2,139.27 1 0
k8s-hpa-manager/internal/tui/message.go:142.71,143.24 1 0
k8s-hpa-manager/internal/tui/message.go:143.24,147.39 2 0
k8s-hpa-manager/internal/tui/message.go:147.39,149.18 2 0
k8s-hpa-manager/internal/tui/message.go:149.18,152.5 2 0
k8s-hpa-manager/internal/tui/message.go:155.3,158.4 1 0
k8s-hpa-manager/internal/tui/message.go:163.40,166.43 2 0
k8s-hpa-manager/internal/tui/message.go:166.43,167.67 1 0
k8s-hpa-manager/internal/tui/message.go:167.67,169.4 1 0
k8s-hpa-manager/internal/tui/message.go:172.2,172.27 1 0
k8s-hpa-manager/internal/tui/message.go:175.68,176.24 1 0
k8s-hpa-manager/internal/tui/message.go:176.24,178.14 2 0
k8s-hpa-manager/internal/tui/message.go:178.14,183.4 1 0
k8s-hpa-manager/internal/tui/message.go:185.3,190.4 2 0
k8s-hpa-manager/internal/tui/message.go:195.44,198.40 2 0
k8s-hpa-manager/internal/tui/message.go:198.40,200.3 1 0
k8s-hpa-manager/internal/tui/message.go:202.2,202.27 1 0
k8s-hpa-manager/internal/tui/message.go:205.80,206.24 1 0
k8s-hpa-manager/internal/tui/message.go:206.24,208.14 2 0
k8s-hpa-manager/internal/tui/message.go:208.14,215.4 1 0
k8s-hpa-manager/internal/tui/message.go:217.3,223.4 2 0
k8s-hpa-manager/internal/tui/message.go:228.34,231.47 2 0
k8s-hpa-manager/internal/tui/message.go:231.47,232.25 1 0
k8s-hpa-manager/internal/tui/message.go:232.25,234.4 1 0
k8s-hpa-manager/internal/tui/message.go:237.2,237.27 1 0
k8s-hpa-manager/internal/tui/message.go:240.79,241.24 1 0
k8s-hpa-manager/internal/tui/message.go:241.24,243.14 2 0
k8s-hpa-manager/internal/tui/message.go:243.14,249.4 1 0
k8s-hpa-manager/internal/tui/message.go:251.3,257.4 2 0
k8s-hpa-manager/internal/tui/message.go:262.50,263.24 1 0
k8s-hpa-manager/internal/tui/message.go:263.24,277.14 4 0
k8s-hpa-manager/internal/tui/message.go:277.14,283.4 1 0
k8s-hpa-manager/internal/tui/message.go:285.3,288.17 3 0
k8s-hpa-manager/internal/tui/message.go:288.17,290.4 1 0
k8s-hpa-manager/internal/tui/message.go:292.3,296.4 1 0
k8s-hpa-manager/internal/tui/message.go:300.58,301.24 1 0
k8s-hpa-manager/internal/tui/message.go:301.24,314.14 4 0
k8s-hpa-manager/internal/tui/message.go:314.14,320.4 1 0
k8s-hpa-manager/internal/tui/message.go:323.3,324.17 2 0
k8s-hpa-manager/internal/tui/message.go:324.17,330.4 1 0
k8s-hpa-manager/internal/tui/message.go:333.3,336.17 3 0
k8s-hpa-manager/internal/tui/message.go:336.17,338.4 1 0
k8s-hpa-manager/internal/tui/message.go:340.3,344.4 1 0
k8s-hpa-manager/internal/tui/message.go:349.60,350.24 1 0
k8s-hpa-manager/internal/tui/message.go:350.24,356.3 2 0
k8s-hpa-manager/internal/tui/message.go:359.55,360.24 1 0
k8s-hpa-manager/internal/tui/message.go:360.24,366.3 2 0
k8s-hpa-manager/internal/tui/message.go:369.38,370.24 1 0
k8s-hpa-manager/internal/tui/message.go:370.24,376.3 2 0
k8s-hpa-manager/internal/tui/message.go:379.57,380.24 1 0
k8s-hpa-manager/internal/tui/message.go:380.24,382.17 2 0
k8s-hpa-manager/internal/tui/message.go:382.17,384.4 1 0
k8s-hpa-manager/internal/tui/message.go:387.3,391.4 2 0
k8s-hpa-manager/internal/tui/message.go:396.42,397.24 1 0
k8s-hpa-manager/internal/tui/message.go:397.24,399.37 1 0
k8s-hpa-manager/internal/tui/message.go:399.37,400.59 1 0
k8s-hpa-manager/internal/tui/message.go:400.59,402.5 1 0
k8s-hpa-manager/internal/tui/message.go:405.3,408.4 1 0
k8s-hpa-manager/internal/tui/message.go:412.40,413.24 1 0
k8s-hpa-manager/internal/tui/message.go:413.24,416.36 2 0
k8s-hpa-manager/internal/tui/message.go:416.36,417.20 1 0
k8s-hpa-manager/internal/tui/message.go:417.20,431.5 2 0
k8s-hpa-manager/internal/tui/message.go:434.3,434.24 1 0
k8s-hpa-manager/internal/tui/message.go:434.24,436.4 1 0
k8s-hpa-manager/internal/tui/message.go:438.3,442.4 2 0
k8s-hpa-manager/internal/tui/message.go:447.64,448.24 1 0
k8s-hpa-manager/internal/tui/message.go:448.24,450.32 1 0
k8s-hpa-manager/internal/tui/message.go:450.32,455.4 1 0
k8s-hpa-manager/internal/tui/message.go:458.3,462.33 3 0
k8s-hpa-manager/internal/tui/message.go:462.33,468.4 1 0
k8s-hpa-manager/internal/tui/message.go:471.3,474.42 2 0
k8s-hpa-manager/internal/tui/message.go:474.42,505.4 3 0
k8s-hpa-manager/internal/tui/message.go:507.3,515.4 5 0
k8s-hpa-manager/internal/tui/message.go:520.64,521.24 1 0
k8s-hpa-manager/internal/tui/message.go:521.24,525.42 2 0
k8s-hpa-manager/internal/tui/message.go:525.42,526.43 1 0
k8s-hpa-manager/internal/tui/message.go:526.43,528.5 1 0
k8s-hpa-manager/internal/tui/message.go:529.4,529.57 1 0
k8s-hpa-manager/internal/tui/message.go:533.3,533.37 1 0
k8s-hpa-manager/internal/tui/message.go:533.37,535.76 2 0
k8s-hpa-manager/internal/tui/message.go:535.76,537.5 1 0
k8s-hpa-manager/internal/tui/message.go:541.3,542.53 2 0
k8s-hpa-manager/internal/tui/message.go:542.53,543.42 1 0
k8s-hpa-manager/internal/tui/message.go:543.42,545.5 1 0
k8s-hpa-manager/internal/tui/message.go:548.3,548.28 1 0
k8s-hpa-manager/internal/tui/message.go:553.68,554.24 1 0
k8s-hpa-manager/internal/tui/message.go:554.24,556.42 1 0
k8s-hpa-manager/internal/tui/message.go:556.42,558.32 1 0
k8s-hpa-manager/internal/tui/message.go:558.32,562.35 2 0
k8s-hpa-manager/internal/tui/message.go:562.35,565.35 1 0
k8s-hpa-manager/internal/tui/message.go:565.35,572.7 1 0
k8s-hpa-manager/internal/tui/message.go:575.6,575.33 1 0
k8s-hpa-manager/internal/tui/message.go:575.33,582.7 6 0
k8s-hpa-manager/internal/tui/message.go:583.6,583.11 1 0
k8s-hpa-manager/internal/tui/message.go:589.3,595.4 3 0
k8s-hpa-manager/internal/tui/modern_integration.go:65.48,85.2 1 0
k8s-hpa-manager/internal/tui/modern_integration.go:88.34,101.2 1 0
k8s-hpa-manager/internal/tui/modern_integration.go:104.54,112.27 4 0
k8s-hpa-manager/internal/tui/modern_integration.go:112.27,115.3 2 0
k8s-hpa-manager/internal/tui/modern_integration.go:115.8,118.3 2 0
k8s-hpa-manager/internal/tui/modern_integration.go:120.2,120.61 1 0
k8s-hpa-manager/internal/tui/modern_integration.go:124.54,134.28 4 0
k8s-hpa-manager/internal/tui/modern_integration.go:135.36,136.50 1 0
k8s-hpa-manager/internal/tui/modern_integration.go:137.38,138.52 1 0
k8s-hpa-manager/internal/tui/modern_integration.go:139.33,140.47 1 0
k8s-hpa-manager/internal/tui/modern_integration.go:141.30,142.44 1 0
k8s-hpa-manager/internal/tui/modern_integration.go:143.34,144.48 1 0
k8s-hpa-manager/internal/tui/modern_integration.go:145.37,146.51 1 0
k8s-hpa-manager/internal/tui/modern_integration.go:147.10,148.38 1 0
k8s-hpa-manager/internal/tui/modern_integration.go:152.2,154.28 2 0
k8s-hpa-manager/internal/tui/modern_integration.go:154.28,156.3 1 0
k8s-hpa-manager/internal/tui/modern_integration.go:158.2,161.27 2 0
k8s-hpa-manager/internal/tui/modern_integration.go:161.27,164.3 2 0
k8s-hpa-manager/internal/tui/modern_integration.go:166.2,166.25 1 0
k8s-hpa-manager/internal/tui/modern_integration.go:170.60,185.26 4 0
k8s-hpa-manager/internal/tui/modern_integration.go:185.26,188.3 2 0
k8s-hpa-manager/internal/tui/modern_integration.go:190.2,190.40 1 0
k8s-hpa-manager/internal/tui/modern_integration.go:194.62,204.2 4 0
k8s-hpa-manager/internal/tui/modern_integration.go:207.51,208.32 1 0
k8s-hpa-manager/internal/tui/modern_integration.go:208.32,210.3 1 0
k8s-hpa-manager/internal/tui/modern_integration.go:212.2,214.48 2 0
k8s-hpa-manager/internal/tui/modern_integration.go:214.48,217.3 1 0
k8s-hpa-manager/internal/tui/modern_integration.go:219.2,219.67 1 0
k8s-hpa-manager/internal/tui/modern_integration.go:223.47,227.28 2 0
k8s-hpa-manager/internal/tui/modern_integration.go:228.36,235.4 1 0
k8s-hpa-manager/internal/tui/modern_integration.go:236.38,243.4 1 0
k8s-hpa-manager/internal/tui/modern_integration.go:244.33,255.4 1 0
k8s-hpa-manager/internal/tui/modern_integration.go:256.30,265.4 1 0
k8s-hpa-manager/internal/tui/modern_integration.go:266.34,275.4 1 0
k8s-hpa-manager/internal/tui/modern_integration.go:276.37,280.4 1 0
k8s-hpa-manager/internal/tui/modern_integration.go:284.2,291.64 3 0
k8s-hpa-manager/internal/tui/modern_integration.go:295.50,298.40 2 0
k8s-hpa-manager/internal/tui/modern_integration.go:298.40,300.3 1 0
k8s-hpa-manager/internal/tui/modern_integration.go:303.2,305.45 3 0
k8s-hpa-manager/internal/tui/modern_integration.go:305.45,306.22 1 0
k8s-hpa-manager/internal/tui/modern_integration.go:306.22,308.4 1 0
k8s-hpa-manager/internal/tui/modern_integration.go:311.2,311.18 1 0
k8s-hpa-manager/internal/tui/modern_integration.go:311.18,313.3 1 0
k8s-hpa-manager/internal/tui/modern_integration.go:315.2,315.23 1 0
k8s-hpa-manager/internal/tui/modern_integration.go:315.23,317.3 1 0
k8s-hpa-manager/internal/tui/modern_integration.go:319.2,319.74 1 0
k8s-hpa-manager/internal/tui/modern_integration.go:323.59,349.2 3 0
k8s-hpa-manager/internal/tui/modern_integration.go:352.51,354.48 2 0
k8s-hpa-manager/internal/tui/modern_integration.go:354.48,355.47 1 0
k8s-hpa-manager/internal/tui/modern_integration.go:355.47,357.4 1 0
k8s-hpa-manager/internal/tui/modern_integration.go:359.2,359.14 1 0
k8s-hpa-manager/internal/tui/modern_integration.go:363.48,364.26 1 0
k8s-hpa-manager/internal/tui/modern_integration.go:364.26,366.3 1 0
k8s-hpa-manager/internal/tui/modern_integration.go:368.2,371.20 3 0
k8s-hpa-manager/internal/tui/modern_integration.go:371.20,373.3 1 0
k8s-hpa-manager/internal/tui/modern_integration.go:373.8,373.31 1 0
k8s-hpa-manager/internal/tui/modern_integration.go:373.31,375.3 1 0
k8s-hpa-manager/internal/tui/modern_integration.go:375.8,377.3 1 0
k8s-hpa-manager/internal/tui/modern_integration.go:381.72,392.31 3 0
k8s-hpa-manager/internal/tui/modern_integration.go:392.31,394.3 1 0
k8s-hpa-manager/internal/tui/modern_integration.go:398.43,400.2 1 0
k8s-hpa-manager/internal/tui/modern_integration.go:411.54,412.33 1 0
k8s-hpa-manager/internal/tui/modern_integration.go:412.33,419.3 1 0
k8s-hpa-manager/internal/tui/modern_integration.go:421.2,424.40 3 0
k8s-hpa-manager/internal/tui/modern_integration.go:424.40,426.19 2 0
k8s-hpa-manager/internal/tui/modern_integration.go:426.19,428.4 1 0
k8s-hpa-manager/internal/tui/modern_integration.go:428.9,428.26 1 0
k8s-hpa-manager/internal/tui/modern_integration.go:428.26,430.4 1 0
k8s-hpa-manager/internal/tui/modern_integration.go:430.9,432.4 1 0
k8s-hpa-manager/internal/tui/modern_integration.go:434.3,435.27 2 0
k8s-hpa-manager/internal/tui/modern_integration.go:435.27,437.4 1 0
k8s-hpa-manager/internal/tui/modern_integration.go:439.3,448.27 2 0
k8s-hpa-manager/internal/tui/modern_integration.go:451.2,451.57 1 0
k8s-hpa-manager/internal/tui/modern_integration.go:455.57,469.40 6 0
k8s-hpa-manager/internal/tui/modern_integration.go:469.40,473.3 3 0
k8s-hpa-manager/internal/tui/modern_integration.go:476.2,477.26 2 0
k8s-hpa-manager/internal/tui/modern_integration.go:477.26,479.3 1 0
k8s-hpa-manager/internal/tui/modern_integration.go:481.2,486.53 5 0
k8s-hpa-manager/internal/tui/modern_integration.go:490.51,500.48 3 0
k8s-hpa-manager/internal/tui/modern_integration.go:500.48,501.23 1 0
k8s-hpa-manager/internal/tui/modern_integration.go:501.23,506.26 3 0
k8s-hpa-manager/internal/tui/modern_integration.go:507.32,508.53 1 0
k8s-hpa-manager/internal/tui/modern_integration.go:509.28,511.28 2 0
k8s-hpa-manager/internal/tui/modern_integration.go:511.28,513.6 1 0
k8s-hpa-manager/internal/tui/modern_integration.go:514.30,515.58 1 0
k8s-hpa-manager/internal/tui/modern_integration.go:516.12,517.50 1 0
k8s-hpa-manager/internal/tui/modern_integration.go:522.2,522.53 1 0
k8s-hpa-manager/internal/tui/modern_integration.go:526.56,528.2 1 0
k8s-hpa-manager/internal/tui/modern_integration.go:531.46,533.2 1 0
k8s-hpa-manager/internal/tui/modern_integration.go:536.51,549.2 11 0
k8s-hpa-manager/internal/tui/modern_integration.go:571.57,579.25 4 0
k8s-hpa-manager/internal/tui/modern_integration.go:579.25,586.3 4 0
k8s-hpa-manager/internal/tui/modern_integration.go:586.8,590.3 2 0
k8s-hpa-manager/internal/tui/modern_integration.go:593.2,599.25 3 0
k8s-hpa-manager/internal/tui/modern_integration.go:603.56,607.57 2 0
k8s-hpa-manager/internal/tui/modern_integration.go:607.57,611.3 3 0
k8s-hpa-manager/internal/tui/modern_integration.go:614.2,621.56 5 0
k8s-hpa-manager/internal/tui/modern_integration.go:625.52,628.2 1 0
k8s-hpa-manager/internal/tui/modern_integration.go:631.54,633.2 1 0
k8s-hpa-manager/internal/tui/modern_integration.go:636.58,638.2 1 0
k8s-hpa-manager/internal/tui/modern_integration.go:641.61,643.2 1 0
k8s-hpa-manager/internal/tui/views.go:155.47,186.2 10 0
k8s-hpa-manager/internal/tui/views.go:189.46,201.43 4 0
k8s-hpa-manager/internal/tui/views.go:201.43,206.25 3 0
k8s-hpa-manager/internal/tui/views.go:207.31,210.38 3 0
k8s-hpa-manager/internal/tui/views.go:211.29,214.36 3 0
k8s-hpa-manager/internal/tui/views.go:215.27,218.34 3 0
k8s-hpa-manager/internal/tui/views.go:219.11,222.33 3 0
k8s-hpa-manager/internal/tui/views.go:226.3,233.33 5 0
k8s-hpa-manager/internal/tui/views.go:233.33,235.4 1 0
k8s-hpa-manager/internal/tui/views.go:235.9,237.4 1 0
k8s-hpa-manager/internal/tui/views.go:239.3,239.30 1 0
k8s-hpa-manager/internal/tui/views.go:242.2,242.51 1 0
k8s-hpa-manager/internal/tui/views.go:242.51,244.3 1 0
k8s-hpa-manager/internal/tui/views.go:246.2,247.37 2 0
k8s-hpa-manager/internal/tui/views.go:251.45,259.51 4 0
k8s-hpa-manager/internal/tui/views.go:259.51,263.3 3 0
k8s-hpa-manager/internal/tui/views.go:266.2,266.31 1 0
k8s-hpa-manager/internal/tui/views.go:266.31,269.3 2 0
k8s-hpa-manager/internal/tui/views.go:271.2,271.79 1 0
k8s-hpa-manager/internal/tui/views.go:275.41,280.43 4 0
k8s-hpa-manager/internal/tui/views.go:280.43,281.47 1 0
k8s-hpa-manager/internal/tui/views.go:281.47,283.4 1 0
k8s-hpa-manager/internal/tui/views.go:287.2,299.21 5 0
k8s-hpa-manager/internal/tui/views.go:299.21,302.3 2 0
k8s-hpa-manager/internal/tui/views.go:302.8,302.44 1 0
k8s-hpa-manager/internal/tui/views.go:302.44,305.3 2 0
k8s-hpa-manager/internal/tui/views.go:305.8,308.3 2 0
k8s-hpa-manager/internal/tui/views.go:310.2,314.84 2 0
k8s-hpa-manager/internal/tui/views.go:318.75,336.24 8 0
k8s-hpa-manager/internal/tui/views.go:337.30,340.37 3 0
k8s-hpa-manager/internal/tui/views.go:341.28,344.35 3 0
k8s-hpa-manager/internal/tui/views.go:345.26,349.26 4 0
k8s-hpa-manager/internal/tui/views.go:349.26,351.4 1 0
k8s-hpa-manager/internal/tui/views.go:352.10,355.32 3 0
k8s-hpa-manager/internal/tui/views.go:358.2,363.46 2 0
k8s-hpa-manager/internal/tui/views.go:363.46,365.3 1 0
k8s-hpa-manager/internal/tui/views.go:367.2,367.79 1 0
k8s-hpa-manager/internal/tui/views.go:371.45,383.41 5 0
k8s-hpa-manager/internal/tui/views.go:383.41,385.3 1 0
k8s-hpa-manager/internal/tui/views.go:387.2,387.35 1 0
k8s-hpa-manager/internal/tui/views.go:387.35,392.34 3 0
k8s-hpa-manager/internal/tui/views.go:392.34,394.29 2 0
k8s-hpa-manager/internal/tui/views.go:394.29,396.5 1 0
k8s-hpa-manager/internal/tui/views.go:396.10,396.35 1 0
k8s-hpa-manager/internal/tui/views.go:396.35,398.5 1 0
k8s-hpa-manager/internal/tui/views.go:398.10,400.5 1 0
k8s-hpa-manager/internal/tui/views.go:403.3,407.68 3 0
k8s-hpa-manager/internal/tui/views.go:410.2,410.32 1 0
k8s-hpa-manager/internal/tui/views.go:410.32,412.3 1 0
k8s-hpa-manager/internal/tui/views.go:414.2,415.70 2 0
k8s-hpa-manager/internal/tui/views.go:419.49,424.43 3 0
k8s-hpa-manager/internal/tui/views.go:424.43,425.23 1 0
k8s-hpa-manager/internal/tui/views.go:425.23,427.9 2 0
k8s-hpa-manager/internal/tui/views.go:431.2,456.34 8 0
k8s-hpa-manager/internal/tui/views.go:456.34,458.3 1 0
k8s-hpa-manager/internal/tui/views.go:460.2,463.25 3 0
k8s-hpa-manager/internal/tui/views.go:467.48,472.34 3 0
k8s-hpa-manager/internal/tui/views.go:472.34,474.3 1 0
k8s-hpa-manager/internal/tui/views.go:474.8,476.3 1 0
k8s-hpa-manager/internal/tui/views.go:478.2,486.47 3 0
k8s-hpa-manager/internal/tui/views.go:486.47,491.29 3 0
k8s-hpa-manager/internal/tui/views.go:491.29,494.4 2 0
k8s-hpa-manager/internal/tui/views.go:494.9,497.4 2 0
k8s-hpa-manager/internal/tui/views.go:500.3,504.33 4 0
k8s-hpa-manager/internal/tui/views.go:504.33,506.4 1 0
k8s-hpa-manager/internal/tui/views.go:506.9,508.4 1 0
k8s-hpa-manager/internal/tui/views.go:510.3,510.30 1 0
k8s-hpa-manager/internal/tui/views.go:513.2,513.53 1 0
k8s-hpa-manager/internal/tui/views.go:513.53,515.3 1 0
k8s-hpa-manager/internal/tui/views.go:517.2,518.37 2 0
k8s-hpa-manager/internal/tui/views.go:522.47,530.40 5 0
k8s-hpa-manager/internal/tui/views.go:530.40,531.22 1 0
k8s-hpa-manager/internal/tui/views.go:531.22,533.4 1 0
k8s-hpa-manager/internal/tui/views.go:534.3,534.27 1 0
k8s-hpa-manager/internal/tui/views.go:538.2,554.53 6 0
k8s-hpa-manager/internal/tui/views.go:554.53,558.3 3 0
k8s-hpa-manager/internal/tui/views.go:560.2,560.79 1 0
k8s-hpa-manager/internal/tui/views.go:564.81,579.28 7 0
k8s-hpa-manager/internal/tui/views.go:579.28,582.3 2 0
k8s-hpa-manager/internal/tui/views.go:582.8,585.3 2 0
k8s-hpa-manager/internal/tui/views.go:587.2,590.28 2 0
k8s-hpa-manager/internal/tui/views.go:590.28,592.3 1 0
k8s-hpa-manager/internal/tui/views.go:592.8,594.3 1 0
k8s-hpa-manager/internal/tui/views.go:596.2,596.79 1 0
k8s-hpa-manager/internal/tui/views.go:600.70,618.20 5 0
k8s-hpa-manager/internal/tui/views.go:618.20,623.3 1 0
k8s-hpa-manager/internal/tui/views.go:625.2,625.61 1 0
k8s-hpa-manager/internal/tui/views.go:629.59,632.33 2 0
k8s-hpa-manager/internal/tui/views.go:632.33,639.3 1 0
k8s-hpa-manager/internal/tui/views.go:641.2,642.53 2 0
k8s-hpa-manager/internal/tui/views.go:646.71,647.16 1 0
k8s-hpa-manager/internal/tui/views.go:647.16,649.3 1 0
k8s-hpa-manager/internal/tui/views.go:651.2,654.20 3 0
k8s-hpa-manager/internal/tui/views.go:654.20,656.3 1 0
k8s-hpa-manager/internal/tui/views.go:658.2,666.22 3 0
k8s-hpa-manager/internal/tui/views.go:670.44,676.43 4 0
k8s-hpa-manager/internal/tui/views.go:676.43,677.23 1 0
k8s-hpa-manager/internal/tui/views.go:677.23,679.9 2 0
k8s-hpa-manager/internal/tui/views.go:682.2,682.40 1 0
k8s-hpa-manager/internal/tui/views.go:682.40,683.18 1 0
k8s-hpa-manager/internal/tui/views.go:683.18,685.9 2 0
k8s-hpa-manager/internal/tui/views.go:689.2,718.25 9 0
k8s-hpa-manager/internal/tui/views.go:722.42,728.35 4 0
k8s-hpa-manager/internal/tui/views.go:728.35,729.19 1 0
k8s-hpa-manager/internal/tui/views.go:729.19,731.4 1 0
k8s-hpa-manager/internal/tui/views.go:732.3,732.19 1 0
k8s-hpa-manager/internal/tui/views.go:732.19,734.4 1 0
k8s-hpa-manager/internal/tui/views.go:737.2,738.23 2 0
k8s-hpa-manager/internal/tui/views.go:738.23,740.3 1 0
k8s-hpa-manager/internal/tui/views.go:742.2,750.35 3 0
k8s-hpa-manager/internal/tui/views.go:750.35,755.19 3 0
k8s-hpa-manager/internal/tui/views.go:755.19,757.4 1 0
k8s-hpa-manager/internal/tui/views.go:757.9,759.4 1 0
k8s-hpa-manager/internal/tui/views.go:762.3,762.19 1 0
k8s-hpa-manager/internal/tui/views.go:762.19,765.4 2 0
k8s-hpa-manager/internal/tui/views.go:765.9,768.4 2 0
k8s-hpa-manager/internal/tui/views.go:771.3,778.33 5 0
k8s-hpa-manager/internal/tui/views.go:778.33,780.4 1 0
k8s-hpa-manager/internal/tui/views.go:780.9,782.4 1 0
k8s-hpa-manager/internal/tui/views.go:784.3,784.30 1 0
k8s-hpa-manager/internal/tui/views.go:787.2,787.47 1 0
k8s-hpa-manager/internal/tui/views.go:787.47,789.3 1 0
k8s-hpa-manager/internal/tui/views.go:792.2,792.23 1 0
k8s-hpa-manager/internal/tui/views.go:792.23,796.3 2 0
k8s-hpa-manager/internal/tui/views.go:798.2,799.37 2 0
k8s-hpa-manager/internal/tui/views.go:803.51,812.35 6 0
k8s-hpa-manager/internal/tui/views.go:812.35,813.19 1 0
k8s-hpa-manager/internal/tui/views.go:813.19,815.4 1 0
k8s-hpa-manager/internal/tui/views.go:816.3,816.19 1 0
k8s-hpa-manager/internal/tui/views.go:816.19,818.4 1 0
k8s-hpa-manager/internal/tui/views.go:819.3,819.46 1 0
k8s-hpa-manager/internal/tui/views.go:823.2,843.47 7 0
k8s-hpa-manager/internal/tui/views.go:843.47,847.3 3 0
k8s-hpa-manager/internal/tui/views.go:850.2,853.79 3 0
k8s-hpa-manager/internal/tui/views.go:857.63,862.18 3 0
k8s-hpa-manager/internal/tui/views.go:862.18,864.3 1 0
k8s-hpa-manager/internal/tui/views.go:866.2,888.31 9 0
k8s-hpa-manager/internal/tui/views.go:888.31,890.3 1 0
k8s-hpa-manager/internal/tui/views.go:891.2,893.31 2 0
k8s-hpa-manager/internal/tui/views.go:893.31,895.3 1 0
k8s-hpa-manager/internal/tui/views.go:896.2,902.31 5 0
k8s-hpa-manager/internal/tui/views.go:902.31,904.3 1 0
k8s-hpa-manager/internal/tui/views.go:905.2,907.31 2 0
k8s-hpa-manager/internal/tui/views.go:907.31,909.3 1 0
k8s-hpa-manager/internal/tui/views.go:910.2,917.26 3 0
k8s-hpa-manager/internal/tui/views.go:917.26,920.42 3 0
k8s-hpa-manager/internal/tui/views.go:920.42,922.4 1 0
k8s-hpa-manager/internal/tui/views.go:923.3,924.32 2 0
k8s-hpa-manager/internal/tui/views.go:924.32,926.4 1 0
k8s-hpa-manager/internal/tui/views.go:927.3,929.32 2 0
k8s-hpa-manager/internal/tui/views.go:929.32,931.4 1 0
k8s-hpa-manager/internal/tui/views.go:932.3,932.28 1 0
k8s-hpa-manager/internal/tui/views.go:936.2,936.18 1 0
k8s-hpa-manager/internal/tui/views.go:936.18,938.3 1 0
k8s-hpa-manager/internal/tui/views.go:939.2,939.18 1 0
k8s-hpa-manager/internal/tui/views.go:939.18,941.3 1 0
k8s-hpa-manager/internal/tui/views.go:943.2,943.79 1 0
k8s-hpa-manager/internal/tui/views.go:947.46,970.33 4 0
k8s-hpa-manager/internal/tui/views.go:970.33,974.21 3 0
k8s-hpa-manager/internal/tui/views.go:974.21,977.4 2 0
k8s-hpa-manager/internal/tui/views.go:977.9,980.4 2 0
k8s-hpa-manager/internal/tui/views.go:982.3,984.57 2 0
k8s-hpa-manager/internal/tui/views.go:987.2,987.79 1 0
k8s-hpa-manager/internal/tui/views.go:991.41,992.31 1 0
k8s-hpa-manager/internal/tui/views.go:992.31,994.3 1 0
k8s-hpa-manager/internal/tui/views.go:996.2,1026.25 11 0
k8s-hpa-manager/internal/tui/views.go:1030.61,1042.73 4 0
k8s-hpa-manager/internal/tui/views.go:1042.73,1044.25 2 0
k8s-hpa-manager/internal/tui/views.go:1044.25,1046.4 1 0
k8s-hpa-manager/internal/tui/views.go:1049.3,1051.38 3 0
k8s-hpa-manager/internal/tui/views.go:1051.38,1054.4 2 0
k8s-hpa-manager/internal/tui/views.go:1054.9,1057.4 2 0
k8s-hpa-manager/internal/tui/views.go:1060.3,1061.100 2 0
k8s-hpa-manager/internal/tui/views.go:1061.100,1063.4 1 0
k8s-hpa-manager/internal/tui/views.go:1065.3,1070.28 5 0
k8s-hpa-manager/internal/tui/views.go:1074.2,1074.31 1 0
k8s-hpa-manager/internal/tui/views.go:1074.31,1079.3 4 0
k8s-hpa-manager/internal/tui/views.go:1082.2,1084.48 3 0
k8s-hpa-manager/internal/tui/views.go:1084.48,1087.3 2 0
k8s-hpa-manager/internal/tui/views.go:1087.8,1090.3 2 0
k8s-hpa-manager/internal/tui/views.go:1092.2,1093.28 2 0
k8s-hpa-manager/internal/tui/views.go:1093.28,1095.3 1 0
k8s-hpa-manager/internal/tui/views.go:1095.8,1097.3 1 0
k8s-hpa-manager/internal/tui/views.go:1099.2,1106.37 6 0
k8s-hpa-manager/internal/tui/views.go:1110.57,1133.79 7 0
k8s-hpa-manager/internal/tui/views.go:1133.79,1135.23 2 0
k8s-hpa-manager/internal/tui/views.go:1135.23,1137.4 1 0
k8s-hpa-manager/internal/tui/views.go:1139.3,1144.41 4 0
k8s-hpa-manager/internal/tui/views.go:1144.41,1145.41 1 0
k8s-hpa-manager/internal/tui/views.go:1145.41,1148.5 2 0
k8s-hpa-manager/internal/tui/views.go:1148.10,1151.5 2 0
k8s-hpa-manager/internal/tui/views.go:1152.9,1155.4 2 0
k8s-hpa-manager/internal/tui/views.go:1157.3,1161.41 2 0
k8s-hpa-manager/internal/tui/views.go:1164.2,1164.31 1 0
k8s-hpa-manager/internal/tui/views.go:1164.31,1169.3 4 0
k8s-hpa-manager/internal/tui/views.go:1172.2,1181.34 4 0
k8s-hpa-manager/internal/tui/views.go:1181.34,1188.42 5 0
k8s-hpa-manager/internal/tui/views.go:1188.42,1190.4 1 0
k8s-hpa-manager/internal/tui/views.go:1190.9,1190.49 1 0
k8s-hpa-manager/internal/tui/views.go:1190.49,1192.4 1 0
k8s-hpa-manager/internal/tui/views.go:1192.9,1194.4 1 0
k8s-hpa-manager/internal/tui/views.go:1197.2,1197.28 1 0
k8s-hpa-manager/internal/tui/views.go:1197.28,1199.3 1 0
k8s-hpa-manager/internal/tui/views.go:1201.2,1201.79 1 0
k8s-hpa-manager/internal/tui/views.go:1205.45,1210.59 3 0
k8s-hpa-manager/internal/tui/views.go:1210.59,1212.3 1 0
k8s-hpa-manager/internal/tui/views.go:1212.8,1214.3 1 0
k8s-hpa-manager/internal/tui/views.go:1216.2,1232.33 7 0
k8s-hpa-manager/internal/tui/views.go:1232.33,1235.3 2 0
k8s-hpa-manager/internal/tui/views.go:1238.2,1239.33 2 0
k8s-hpa-manager/internal/tui/views.go:1239.33,1241.3 1 0
k8s-hpa-manager/internal/tui/views.go:1241.8,1250.3 1 0
k8s-hpa-manager/internal/tui/views.go:1252.2,1255.25 3 0
k8s-hpa-manager/internal/tui/views.go:1259.46,1271.43 4 0
k8s-hpa-manager/internal/tui/views.go:1271.43,1274.34 2 0
k8s-hpa-manager/internal/tui/views.go:1274.34,1276.29 2 0
k8s-hpa-manager/internal/tui/views.go:1276.29,1278.5 1 0
k8s-hpa-manager/internal/tui/views.go:1278.10,1278.35 1 0
k8s-hpa-manager/internal/tui/views.go:1278.35,1280.5 1 0
k8s-hpa-manager/internal/tui/views.go:1280.10,1282.5 1 0
k8s-hpa-manager/internal/tui/views.go:1286.3,1288.30 3 0
k8s-hpa-manager/internal/tui/views.go:1288.30,1290.4 1 0
k8s-hpa-manager/internal/tui/views.go:1293.3,1296.50 3 0
k8s-hpa-manager/internal/tui/views.go:1296.50,1298.4 1 0
k8s-hpa-manager/internal/tui/views.go:1298.9,1300.4 1 0
k8s-hpa-manager/internal/tui/views.go:1302.3,1306.33 4 0
k8s-hpa-manager/internal/tui/views.go:1306.33,1310.4 3 0
k8s-hpa-manager/internal/tui/views.go:1310.9,1314.4 3 0
k8s-hpa-manager/internal/tui/views.go:1315.3,1315.28 1 0
k8s-hpa-manager/internal/tui/views.go:1318.2,1318.32 1 0
k8s-hpa-manager/internal/tui/views.go:1318.32,1320.3 1 0
k8s-hpa-manager/internal/tui/views.go:1322.2,1323.37 2 0
k8s-hpa-manager/internal/tui/views.go:1327.45,1331.35 2 0
k8s-hpa-manager/internal/tui/views.go:1331.35,1340.3 2 0
k8s-hpa-manager/internal/tui/views.go:1343.2,1347.80 3 0
k8s-hpa-manager/internal/tui/views.go:1347.80,1351.3 3 0
k8s-hpa-manager/internal/tui/views.go:1353.2,1353.79 1 0
k8s-hpa-manager/internal/tui/views.go:1357.51,1367.35 4 0
k8s-hpa-manager/internal/tui/views.go:1367.35,1368.19 1 0
k8s-hpa-manager/internal/tui/views.go:1368.19,1374.26 5 0
k8s-hpa-manager/internal/tui/views.go:1374.26,1376.5 1 0
k8s-hpa-manager/internal/tui/views.go:1378.4,1380.26 3 0
k8s-hpa-manager/internal/tui/views.go:1380.26,1382.5 1 0
k8s-hpa-manager/internal/tui/views.go:1384.4,1384.24 1 0
k8s-hpa-manager/internal/tui/views.go:1384.24,1389.5 3 0
k8s-hpa-manager/internal/tui/views.go:1393.2,1393.23 1 0
k8s-hpa-manager/internal/tui/views.go:1393.23,1395.3 1 0
k8s-hpa-manager/internal/tui/views.go:1395.8,1398.3 1 0
k8s-hpa-manager/internal/tui/views.go:1400.2,1400.79 1 0
k8s-hpa-manager/internal/tui/views.go:1404.75,1418.31 6 0
k8s-hpa-manager/internal/tui/views.go:1418.31,1420.3 1 0
k8s-hpa-manager/internal/tui/views.go:1423.2,1431.29 3 0
k8s-hpa-manager/internal/tui/views.go:1431.29,1435.3 3 0
k8s-hpa-manager/internal/tui/views.go:1438.2,1438.30 1 0
k8s-hpa-manager/internal/tui/views.go:1438.30,1447.40 3 0
k8s-hpa-manager/internal/tui/views.go:1447.40,1449.4 1 0
k8s-hpa-manager/internal/tui/views.go:1451.3,1451.35 1 0
k8s-hpa-manager/internal/tui/views.go:1451.35,1455.63 3 0
k8s-hpa-manager/internal/tui/views.go:1455.63,1456.100 1 0
k8s-hpa-manager/internal/tui/views.go:1456.100,1461.6 1 0
k8s-hpa-manager/internal/tui/views.go:1462.5,1462.74 1 0
k8s-hpa-manager/internal/tui/views.go:1462.74,1467.6 1 0
k8s-hpa-manager/internal/tui/views.go:1470.4,1470.27 1 0
k8s-hpa-manager/internal/tui/views.go:1470.27,1475.5 3 0
k8s-hpa-manager/internal/tui/views.go:1478.3,1478.40 1 0
k8s-hpa-manager/internal/tui/views.go:1478.40,1481.4 1 0
k8s-hpa-manager/internal/tui/views.go:1484.2,1484.79 1 0
k8s-hpa-manager/internal/tui/views.go:1488.47,1490.23 2 0
k8s-hpa-manager/internal/tui/views.go:1490.23,1492.3 1 0
k8s-hpa-manager/internal/tui/views.go:1494.2,1495.27 2 0
k8s-hpa-manager/internal/tui/views.go:1495.27,1497.3 1 0
k8s-hpa-manager/internal/tui/views.go:1499.2,1502.56 2 0
k8s-hpa-manager/internal/tui/views.go:1506.48,1519.40 7 0
k8s-hpa-manager/internal/tui/views.go:1519.40,1523.20 3 0
k8s-hpa-manager/internal/tui/views.go:1524.27,1527.15 3 0
k8s-hpa-manager/internal/tui/views.go:1528.24,1531.12 3 0
k8s-hpa-manager/internal/tui/views.go:1532.28,1534.24 2 0
k8s-hpa-manager/internal/tui/views.go:1535.25,1537.21 2 0
k8s-hpa-manager/internal/tui/views.go:1538.27,1540.22 2 0
k8s-hpa-manager/internal/tui/views.go:1544.3,1546.28 3 0
k8s-hpa-manager/internal/tui/views.go:1546.28,1548.4 1 0
k8s-hpa-manager/internal/tui/views.go:1550.3,1551.21 2 0
k8s-hpa-manager/internal/tui/views.go:1551.21,1553.4 1 0
k8s-hpa-manager/internal/tui/views.go:1555.3,1561.28 3 0
k8s-hpa-manager/internal/tui/views.go:1564.2,1564.34 1 0
k8s-hpa-manager/internal/tui/views.go:1564.34,1566.3 1 0
k8s-hpa-manager/internal/tui/views.go:1568.2,1570.46 3 0
k8s-hpa-manager/internal/tui/views.go:1574.47,1584.40 7 0
k8s-hpa-manager/internal/tui/views.go:1584.40,1585.20 1 0
k8s-hpa-manager/internal/tui/views.go:1586.27,1587.15 1 0
k8s-hpa-manager/internal/tui/views.go:1588.24,1589.12 1 0
k8s-hpa-manager/internal/tui/views.go:1590.28,1591.16 1 0
k8s-hpa-manager/internal/tui/views.go:1592.25,1593.13 1 0
k8s-hpa-manager/internal/tui/views.go:1598.2,1623.16 9 0
k8s-hpa-manager/internal/tui/views.go:1623.16,1626.3 2 0
k8s-hpa-manager/internal/tui/views.go:1626.8,1626.42 1 0
k8s-hpa-manager/internal/tui/views.go:1626.42,1629.3 2 0
k8s-hpa-manager/internal/tui/views.go:1629.8,1629.26 1 0
k8s-hpa-manager/internal/tui/views.go:1629.26,1632.3 2 0
k8s-hpa-manager/internal/tui/views.go:1632.8,1635.3 2 0
k8s-hpa-manager/internal/tui/views.go:1637.2,1640.35 2 0
k8s-hpa-manager/internal/tui/views.go:1640.35,1643.3 2 0
k8s-hpa-manager/internal/tui/views.go:1646.2,1646.69 1 0
k8s-hpa-manager/internal/tui/views.go:1646.69,1656.3 4 0
k8s-hpa-manager/internal/tui/views.go:1658.2,1658.79 1 0
k8s-hpa-manager/internal/tui/views.go:1662.38,1663.35 1 0
k8s-hpa-manager/internal/tui/views.go:1663.35,1664.19 1 0
k8s-hpa-manager/internal/tui/views.go:1664.19,1666.4 1 0
k8s-hpa-manager/internal/tui/views.go:1668.2,1668.14 1 0
k8s-hpa-manager/internal/tui/views.go:1671.38,1672.35 1 0
k8s-hpa-manager/internal/tui/views.go:1672.35,1673.19 1 0
k8s-hpa-manager/internal/tui/views.go:1673.19,1675.4 1 0
k8s-hpa-manager/internal/tui/views.go:1677.2,1677.14 1 0
k8s-hpa-manager/internal/tui/views.go:1681.36,1682.16 1 0
k8s-hpa-manager/internal/tui/views.go:1682.16,1684.3 1 0
k8s-hpa-manager/internal/tui/views.go:1685.2,1685.13 1 0
k8s-hpa-manager/internal/tui/views.go:1688.50,1689.22 1 0
k8s-hpa-manager/internal/tui/views.go:1689.22,1691.3 1 0
k8s-hpa-manager/internal/tui/views.go:1692.2,1692.29 1 0
k8s-hpa-manager/internal/session/manager.go:22.37,25.16 2 0
k8s-hpa-manager/internal/session/manager.go:25.16,27.3 1 0
k8s-hpa-manager/internal/session/manager.go:29.2,30.54 2 0
k8s-hpa-manager/internal/session/manager.go:30.54,32.3 1 0
k8s-hpa-manager/internal/session/manager.go:34.2,39.21 2 0
k8s-hpa-manager/internal/session/manager.go:43.62,44.24 1 0
k8s-hpa-manager/internal/session/manager.go:44.24,46.3 1 0
k8s-hpa-manager/internal/session/manager.go:49.2,49.60 1 0
k8s-hpa-manager/internal/session/manager.go:49.60,51.3 1 0
k8s-hpa-manager/internal/session/manager.go:54.2,54.29 1 0
k8s-hpa-manager/internal/session/manager.go:54.29,56.3 1 0
k8s-hpa-manager/internal/session/manager.go:59.2,59.32 1 0
k8s-hpa-manager/internal/session/manager.go:59.32,61.3 1 0
k8s-hpa-manager/internal/session/manager.go:64.2,64.29 1 0
k8s-hpa-manager/internal/session/manager.go:64.29,65.44 1 0
k8s-hpa-manager/internal/session/manager.go:65.44,67.4 1 0
k8s-hpa-manager/internal/session/manager.go:67.9,69.4 1 0
k8s-hpa-manager/internal/session/manager.go:73.2,74.16 2 0
k8s-hpa-manager/internal/session/manager.go:74.16,76.3 1 0
k8s-hpa-manager/internal/session/manager.go:79.2,82.59 3 0
k8s-hpa-manager/internal/session/manager.go:82.59,84.3 1 0
k8s-hpa-manager/internal/session/manager.go:86.2,86.12 1 0
k8s-hpa-manager/internal/session/manager.go:90.69,95.16 4 0
k8s-hpa-manager/internal/session/manager.go:95.16,97.3 1 0
k8s-hpa-manager/internal/session/manager.go:99.2,100.55 2 0
k8s-hpa-manager/internal/session/manager.go:100.55,102.3 1 0
k8s-hpa-manager/internal/session/manager.go:104.2,104.22 1 0
k8s-hpa-manager/internal/session/manager.go:108.60,110.16 2 0
k8s-hpa-manager/internal/session/manager.go:110.16,112.3 1 0
k8s-hpa-manager/internal/session/manager.go:114.2,116.29 2 0
k8s-hpa-manager/internal/session/manager.go:116.29,117.47 1 0
k8s-hpa-manager/internal/session/manager.go:117.47,118.12 1 0
k8s-hpa-manager/internal/session/manager.go:121.3,123.17 3 0
k8s-hpa-manager/internal/session/manager.go:123.17,125.12 1 0
k8s-hpa-manager/internal/session/manager.go:128.3,128.40 1 0
k8s-hpa-manager/internal/session/manager.go:132.2,132.43 1 0
k8s-hpa-manager/internal/session/manager.go:132.43,134.3 1 0
k8s-hpa-manager/internal/session/manager.go:136.2,136.22 1 0
k8s-hpa-manager/internal/session/manager.go:140.52,144.44 3 0
k8s-hpa-manager/internal/session/manager.go:144.44,146.3 1 0
k8s-hpa-manager/internal/session/manager.go:148.2,148.12 1 0
k8s-hpa-manager/internal/session/manager.go:152.64,153.55 1 0
k8s-hpa-manager/internal/session/manager.go:153.55,155.3 1 0
k8s-hpa-manager/internal/session/manager.go:157.2,163.16 5 0
k8s-hpa-manager/internal/session/manager.go:163.16,165.3 1 0
k8s-hpa-manager/internal/session/manager.go:168.2,171.47 2 0
k8s-hpa-manager/internal/session/manager.go:171.47,173.3 1 0
k8s-hpa-manager/internal/session/manager.go:176.2,176.27 1 0
k8s-hpa-manager/internal/session/manager.go:180.108,189.43 6 0
k8s-hpa-manager/internal/session/manager.go:189.43,191.3 1 0
k8s-hpa-manager/internal/session/manager.go:191.8,193.3 1 0
k8s-hpa-manager/internal/session/manager.go:196.2,196.22 1 0
k8s-hpa-manager/internal/session/manager.go:196.22,198.34 2 0
k8s-hpa-manager/internal/session/manager.go:198.34,200.4 1 0
k8s-hpa-manager/internal/session/manager.go:202.3,203.36 2 0
k8s-hpa-manager/internal/session/manager.go:203.36,205.4 1 0
k8s-hpa-manager/internal/session/manager.go:207.3,207.25 1 0
k8s-hpa-manager/internal/session/manager.go:207.25,210.57 2 0
k8s-hpa-manager/internal/session/manager.go:210.57,212.5 1 0
k8s-hpa-manager/internal/session/manager.go:213.9,216.4 2 0
k8s-hpa-manager/internal/session/manager.go:218.3,218.82 1 0
k8s-hpa-manager/internal/session/manager.go:222.2,226.13 4 0
k8s-hpa-manager/internal/session/manager.go:230.59,232.2 1 0
k8s-hpa-manager/internal/session/manager.go:235.51,241.2 4 0
k8s-hpa-manager/internal/session/manager.go:244.87,260.47 3 0
k8s-hpa-manager/internal/session/manager.go:260.47,262.3 1 0
k8s-hpa-manager/internal/session/manager.go:265.2,267.21 2 0
k8s-hpa-manager/internal/session/manager.go:271.58,272.16 1 0
k8s-hpa-manager/internal/session/manager.go:272.16,274.3 1 0
k8s-hpa-manager/internal/session/manager.go:276.2,276.20 1 0
k8s-hpa-manager/internal/session/manager.go:276.20,278.3 1 0
k8s-hpa-manager/internal/session/manager.go:281.2,281.25 1 0
k8s-hpa-manager/internal/session/manager.go:281.25,282.108 1 0
k8s-hpa-manager/internal/session/manager.go:282.108,284.4 1 0
k8s-hpa-manager/internal/session/manager.go:287.2,287.12 1 0
k8s-hpa-manager/internal/session/manager.go:291.88,295.33 3 0
k8s-hpa-manager/internal/session/manager.go:295.33,298.3 2 0
k8s-hpa-manager/internal/session/manager.go:300.2,301.35 2 0
k8s-hpa-manager/internal/session/manager.go:301.35,303.3 1 0
k8s-hpa-manager/internal/session/manager.go:305.2,310.3 1 0
k8s-hpa-manager/internal/session/manager.go:314.38,316.16 2 0
k8s-hpa-manager/internal/session/manager.go:316.16,318.3 1 0
k8s-hpa-manager/internal/session/manager.go:320.2,321.29 2 0
k8s-hpa-manager/internal/session/manager.go:321.29,322.93 1 0
k8s-hpa-manager/internal/session/manager.go:322.93,324.4 1 0
k8s-hpa-manager/internal/session/manager.go:328.2,328.24 1 0
k8s-hpa-manager/internal/session/manager.go:328.24,330.45 1 0
k8s-hpa-manager/internal/session/manager.go:330.45,334.4 3 0
k8s-hpa-manager/internal/session/manager.go:337.3,337.39 1 0
k8s-hpa-manager/internal/session/manager.go:337.39,339.4 1 0
k8s-hpa-manager/internal/session/manager.go:344.52,346.37 2 0
k8s-hpa-manager/internal/session/manager.go:346.37,348.3 1 0
k8s-hpa-manager/internal/session/manager.go:349.2,349.36 1 0
k8s-hpa-manager/internal/session/manager.go:349.36,351.3 1 0
k8s-hpa-manager/internal/session/manager.go:352.2,352.76 1 0
k8s-hpa-manager/internal/session/manager.go:352.76,354.3 1 0
k8s-hpa-manager/internal/session/manager.go:355.2,355.37 1 0
k8s-hpa-manager/internal/session/manager.go:355.37,357.3 1 0
k8s-hpa-manager/internal/session/manager.go:358.2,358.11 1 0
k8s-hpa-manager/internal/session/manager.go:362.53,403.2 1 0
